<?xml version="1.0" encoding="UTF-8"?>
<robot generator="Robot 6.0.1 (Python 3.10.7 on win32)" generated="20230124 09:33:27.307" rpa="false" schemaversion="3">
<suite id="s1" name="Keyword Avec Return Argument" source="c:\Users\Amin\OneDrive\Bureau\robot_keyword_project\test_cases\keyword_avec_return_argument.robot">
<test id="s1-t1" name="login Test" line="13">
<kw name="Lancer le navigateur">
<var>${titre}</var>
<arg>${URL}</arg>
<arg>${BROWSER}</arg>
<kw name="Open Browser" library="SeleniumLibrary">
<arg>${URL1}</arg>
<arg>${BROWSER1}</arg>
<doc>Opens a new browser instance to the optional ``url``.</doc>
<msg timestamp="20230124 09:33:28.073" level="INFO">Opening browser 'chrome' to base url 'https://admin-demo.nopcommerce.com/'.</msg>
<status status="PASS" starttime="20230124 09:33:28.072" endtime="20230124 09:33:35.496"/>
</kw>
<kw name="Maximize Browser Window" library="SeleniumLibrary">
<doc>Maximizes current browser window.</doc>
<status status="PASS" starttime="20230124 09:33:35.497" endtime="20230124 09:33:35.628"/>
</kw>
<kw name="Get Title" library="SeleniumLibrary">
<var>${titre_page}</var>
<doc>Returns the title of the current page.</doc>
<msg timestamp="20230124 09:33:35.642" level="INFO">${titre_page} = Your store. Login</msg>
<status status="PASS" starttime="20230124 09:33:35.628" endtime="20230124 09:33:35.642"/>
</kw>
<return>
<value>${titre_page}</value>
<status status="PASS" starttime="20230124 09:33:35.643" endtime="20230124 09:33:35.643"/>
</return>
<msg timestamp="20230124 09:33:35.644" level="INFO">${titre} = Your store. Login</msg>
<status status="PASS" starttime="20230124 09:33:28.070" endtime="20230124 09:33:35.644"/>
</kw>
<kw name="Log" library="BuiltIn">
<arg>titre</arg>
<doc>Logs the given message with the given level.</doc>
<msg timestamp="20230124 09:33:35.649" level="INFO">titre</msg>
<status status="PASS" starttime="20230124 09:33:35.648" endtime="20230124 09:33:35.650"/>
</kw>
<kw name="Input Text" library="SeleniumLibrary">
<arg>id:Email</arg>
<arg>admin@yourstore.com</arg>
<doc>Types the given ``text`` into the text field identified by ``locator``.</doc>
<msg timestamp="20230124 09:33:35.655" level="INFO">Typing text 'admin@yourstore.com' into text field 'id:Email'.</msg>
<status status="PASS" starttime="20230124 09:33:35.653" endtime="20230124 09:33:35.895"/>
</kw>
<kw name="Input Password" library="SeleniumLibrary">
<arg>id:Password</arg>
<arg>admin</arg>
<doc>Types the given password into the text field identified by ``locator``.</doc>
<msg timestamp="20230124 09:33:35.899" level="INFO">Typing password into text field 'id:Password'.</msg>
<msg timestamp="20230124 09:33:36.020" level="INFO">Temporally setting log level to: NONE</msg>
<msg timestamp="20230124 09:33:36.109" level="INFO">Log level changed from NONE to INFO.</msg>
<status status="PASS" starttime="20230124 09:33:35.897" endtime="20230124 09:33:36.110"/>
</kw>
<kw name="Click Button" library="SeleniumLibrary">
<arg>xpath://button[@type="submit"]</arg>
<doc>Clicks the button identified by ``locator``.</doc>
<msg timestamp="20230124 09:33:36.120" level="INFO">Clicking button 'xpath://button[@type="submit"]'.</msg>
<status status="PASS" starttime="20230124 09:33:36.118" endtime="20230124 09:33:40.318"/>
</kw>
<status status="PASS" starttime="20230124 09:33:28.066" endtime="20230124 09:33:40.332"/>
</test>
<status status="PASS" starttime="20230124 09:33:27.322" endtime="20230124 09:33:40.341"/>
</suite>
<statistics>
<total>
<stat pass="1" fail="0" skip="0">All Tests</stat>
</total>
<tag>
</tag>
<suite>
<stat pass="1" fail="0" skip="0" id="s1" name="Keyword Avec Return Argument">Keyword Avec Return Argument</stat>
</suite>
</statistics>
<errors>
</errors>
</robot>
