<?xml version="1.0" encoding="UTF-8"?>
<robot generator="Robot 6.0.1 (Python 3.10.7 on win32)" generated="20230122 19:56:47.770" rpa="false" schemaversion="3">
<suite id="s1" name="Keyword Avec Argument" source="C:\Users\Amin\OneDrive\Bureau\robot_keyword_project\test_cases\keyword_avec_argument.robot">
<test id="s1-t1" name="login Test" line="13">
<kw name="Lancer le navigateur">
<arg>${URL1}</arg>
<arg>${BROWSER1}</arg>
<kw name="Open Browser" library="SeleniumLibrary">
<arg>${URL_SITE}</arg>
<arg>${NAVIGATEUR}</arg>
<doc>Opens a new browser instance to the optional ``url``.</doc>
<msg timestamp="20230122 19:56:48.145" level="INFO">Opening browser 'chrome' to base url 'https://admin-demo.nopcommerce.com/'.</msg>
<status status="PASS" starttime="20230122 19:56:48.145" endtime="20230122 19:56:53.456"/>
</kw>
<kw name="Maximize Browser Window" library="SeleniumLibrary">
<doc>Maximizes current browser window.</doc>
<status status="PASS" starttime="20230122 19:56:53.456" endtime="20230122 19:56:53.599"/>
</kw>
<status status="PASS" starttime="20230122 19:56:48.144" endtime="20230122 19:56:53.600"/>
</kw>
<kw name="Input Text" library="SeleniumLibrary">
<arg>id:Email</arg>
<arg>admin@yourstore.com</arg>
<doc>Types the given ``text`` into the text field identified by ``locator``.</doc>
<msg timestamp="20230122 19:56:53.602" level="INFO">Typing text 'admin@yourstore.com' into text field 'id:Email'.</msg>
<status status="PASS" starttime="20230122 19:56:53.601" endtime="20230122 19:56:53.772"/>
</kw>
<kw name="Input Password" library="SeleniumLibrary">
<arg>id:Password</arg>
<arg>admin</arg>
<doc>Types the given password into the text field identified by ``locator``.</doc>
<msg timestamp="20230122 19:56:53.774" level="INFO">Typing password into text field 'id:Password'.</msg>
<msg timestamp="20230122 19:56:53.859" level="INFO">Temporally setting log level to: NONE</msg>
<msg timestamp="20230122 19:56:53.920" level="INFO">Log level changed from NONE to INFO.</msg>
<status status="PASS" starttime="20230122 19:56:53.773" endtime="20230122 19:56:53.921"/>
</kw>
<kw name="Click Button" library="SeleniumLibrary">
<arg>xpath://button[@type="submit"]</arg>
<doc>Clicks the button identified by ``locator``.</doc>
<msg timestamp="20230122 19:56:53.923" level="INFO">Clicking button 'xpath://button[@type="submit"]'.</msg>
<status status="PASS" starttime="20230122 19:56:53.921" endtime="20230122 19:56:56.636"/>
</kw>
<status status="PASS" starttime="20230122 19:56:48.142" endtime="20230122 19:56:56.637"/>
</test>
<status status="PASS" starttime="20230122 19:56:47.775" endtime="20230122 19:56:56.639"/>
</suite>
<statistics>
<total>
<stat pass="1" fail="0" skip="0">All Tests</stat>
</total>
<tag>
</tag>
<suite>
<stat pass="1" fail="0" skip="0" id="s1" name="Keyword Avec Argument">Keyword Avec Argument</stat>
</suite>
</statistics>
<errors>
</errors>
</robot>
